<?xml version="1.0" encoding="UTF-8"?>
<!-- Generated by org.testng.reporters.JUnitReportReporter -->
<testsuite skipped="0" hostname="Hridhaans-MacBook-Pro.local" name="com.crm.qa.testData.LoginPageTest" tests="3" failures="0" timestamp="2021-05-19T03:16:28 IST" time="32.992" errors="0">
  <testcase name="loginPageTitleTest" time="9.047" classname="com.crm.qa.testData.LoginPageTest"/>
  <system-out/>
  <testcase name="crmLogoImageTest" time="7.884" classname="com.crm.qa.testData.LoginPageTest"/>
  <system-out/>
  <testcase name="loginTest" time="16.061" classname="com.crm.qa.testData.LoginPageTest"/>
  <system-out/>
</testsuite> <!-- com.crm.qa.testData.LoginPageTest -->
