<?xml version="1.0" encoding="UTF-8"?>
<!-- Generated by org.testng.reporters.JUnitReportReporter -->
<testsuite skipped="0" hostname="Hridhaans-MacBook-Pro.local" name="com.crm.qa.testcases.ContactsPageTest" tests="3" failures="0" timestamp="2021-05-21T00:08:48 IST" time="85.164" errors="0">
  <testcase name="createNewContact" time="24.193" classname="com.crm.qa.testcases.ContactsPageTest"/>
  <system-out/>
  <testcase name="createNewContact" time="34.193" classname="com.crm.qa.testcases.ContactsPageTest"/>
  <system-out/>
  <testcase name="createNewContact" time="26.778" classname="com.crm.qa.testcases.ContactsPageTest"/>
  <system-out/>
</testsuite> <!-- com.crm.qa.testcases.ContactsPageTest -->
