<?xml version="1.0" encoding="UTF-8"?>
<!-- Generated by org.testng.reporters.JUnitReportReporter -->
<testsuite skipped="0" hostname="Hridhaans-MacBook-Pro.local" name="com.crm.qa.testcases.HomePageTest" tests="1" failures="0" timestamp="2021-05-21T01:53:08 IST" time="18.044" errors="0">
  <testcase name="verifyUsername" time="18.044" classname="com.crm.qa.testcases.HomePageTest"/>
  <system-out/>
</testsuite> <!-- com.crm.qa.testcases.HomePageTest -->
