<?xml version="1.0" encoding="UTF-8"?>
<!-- Generated by org.testng.reporters.JUnitReportReporter -->
<testsuite skipped="0" hostname="Hridhaans-MacBook-Pro.local" name="com.crm.qa.testcases.ContactsPageTest" tests="6" failures="0" timestamp="2021-05-21T00:16:08 IST" time="148.418" errors="0">
  <testcase name="verifyContactsLabel" time="22.517" classname="com.crm.qa.testcases.ContactsPageTest"/>
  <system-out/>
  <testcase name="selectContactsCheckBox" time="22.875" classname="com.crm.qa.testcases.ContactsPageTest"/>
  <system-out/>
  <testcase name="selectMultipleContacts" time="21.021" classname="com.crm.qa.testcases.ContactsPageTest"/>
  <system-out/>
  <testcase name="createNewContact" time="26.661" classname="com.crm.qa.testcases.ContactsPageTest"/>
  <system-out/>
  <testcase name="createNewContact" time="22.172" classname="com.crm.qa.testcases.ContactsPageTest"/>
  <system-out/>
  <testcase name="createNewContact" time="33.172" classname="com.crm.qa.testcases.ContactsPageTest"/>
  <system-out/>
</testsuite> <!-- com.crm.qa.testcases.ContactsPageTest -->
